1-base/build/intermediates/manifest_merge_blame_file/debug/manifest-merger-blame-debug-report.txt
1<?xml version="1.0" encoding="utf-8"?>
2<!--
3  ~ Copyright (C) 2016 The Android Open Source Project
4  ~
5  ~ Licensed under the Apache License, Version 2.0 (the "License");
6  ~ you may not use this file except in compliance with the License.
7  ~ You may obtain a copy of the License at
8  ~
9  ~      http://www.apache.org/licenses/LICENSE-2.0
10  ~
11  ~ Unless required by applicable law or agreed to in writing, software
12  ~ distributed under the License is distributed on an "AS IS" BASIS,
13  ~ WITHOUT WARRANTIES OR CONDITIONS OF ANY KIND, either express or implied.
14  ~ See the License for the specific language governing permissions and
15  ~ limitations under the License.
16-->
17<manifest xmlns:android="http://schemas.android.com/apk/res/android"
18    package="com.android.example.watchface"
19    android:versionCode="1"
20    android:versionName="1.0" >
21
22    <uses-sdk
23        android:minSdkVersion="21"
23-->src\main\AndroidManifest.xml
24        android:targetSdkVersion="28" />
24-->src\main\AndroidManifest.xml
25
26    <uses-feature android:name="android.hardware.type.watch" />
26-->src\main\AndroidManifest.xml:21:5-64
26-->src\main\AndroidManifest.xml:21:19-61
27
28    <!-- Required to act as a custom watch face. -->
29    <uses-permission android:name="com.google.android.permission.PROVIDE_BACKGROUND" />
29-->src\main\AndroidManifest.xml:24:5-88
29-->src\main\AndroidManifest.xml:24:22-85
30    <uses-permission android:name="android.permission.WAKE_LOCK" />
30-->src\main\AndroidManifest.xml:25:5-68
30-->src\main\AndroidManifest.xml:25:22-65
31
32    <application
32-->src\main\AndroidManifest.xml:27:5-56:19
33        android:allowBackup="true"
33-->src\main\AndroidManifest.xml:28:9-35
34        android:appComponentFactory="androidx.core.app.CoreComponentFactory"
34-->[androidx.core:core:1.3.1] AndroidManifest.xml:24:18-86
35        android:debuggable="true"
36        android:label="@string/app_name"
36-->src\main\AndroidManifest.xml:29:9-41
37        android:testOnly="true"
38        android:theme="@android:style/Theme.DeviceDefault" >
38-->src\main\AndroidManifest.xml:30:9-59
39        <service
39-->src\main\AndroidManifest.xml:32:9-51:19
40            android:name="com.android.example.watchface.MyWatchFaceService"
40-->src\main\AndroidManifest.xml:33:13-47
41            android:label="@string/my_analog_name"
41-->src\main\AndroidManifest.xml:34:13-51
42            android:permission="android.permission.BIND_WALLPAPER" >
42-->src\main\AndroidManifest.xml:35:13-67
43            <meta-data
43-->src\main\AndroidManifest.xml:36:13-38:54
44                android:name="android.service.wallpaper"
44-->src\main\AndroidManifest.xml:37:17-57
45                android:resource="@xml/watch_face" />
45-->src\main\AndroidManifest.xml:38:17-51
46            <meta-data
46-->src\main\AndroidManifest.xml:39:13-41:63
47                android:name="com.google.android.wearable.watchface.preview"
47-->src\main\AndroidManifest.xml:40:17-77
48                android:resource="@drawable/preview_analog" />
48-->src\main\AndroidManifest.xml:41:17-60
49            <meta-data
49-->src\main\AndroidManifest.xml:42:13-44:63
50                android:name="com.google.android.wearable.watchface.preview_circular"
50-->src\main\AndroidManifest.xml:43:17-86
51                android:resource="@drawable/preview_analog" />
51-->src\main\AndroidManifest.xml:44:17-60
52
53            <intent-filter>
53-->src\main\AndroidManifest.xml:46:13-50:29
54                <action android:name="android.service.wallpaper.WallpaperService" />
54-->src\main\AndroidManifest.xml:47:17-85
54-->src\main\AndroidManifest.xml:47:25-82
55
56                <category android:name="com.google.android.wearable.watchface.category.WATCH_FACE" />
56-->src\main\AndroidManifest.xml:49:17-102
56-->src\main\AndroidManifest.xml:49:27-99
57            </intent-filter>
58        </service>
59
60        <meta-data
60-->src\main\AndroidManifest.xml:53:9-55:69
61            android:name="com.google.android.gms.version"
61-->src\main\AndroidManifest.xml:54:13-58
62            android:value="@integer/google_play_services_version" />
62-->src\main\AndroidManifest.xml:55:13-66
63
64        <uses-library
64-->[com.google.android.support:wearable:2.8.1] AndroidManifest.xml:10:9-12:40
65            android:name="com.google.android.wearable"
65-->[com.google.android.support:wearable:2.8.1] AndroidManifest.xml:11:13-55
66            android:required="false" />
66-->[com.google.android.support:wearable:2.8.1] AndroidManifest.xml:12:13-37
67
68        <activity
68-->[com.google.android.gms:play-services-base:17.5.0] AndroidManifest.xml:23:9-26:75
69            android:name="com.google.android.gms.common.api.GoogleApiActivity"
69-->[com.google.android.gms:play-services-base:17.5.0] AndroidManifest.xml:24:13-79
70            android:exported="false"
70-->[com.google.android.gms:play-services-base:17.5.0] AndroidManifest.xml:25:13-37
71            android:theme="@android:style/Theme.Translucent.NoTitleBar" />
71-->[com.google.android.gms:play-services-base:17.5.0] AndroidManifest.xml:26:13-72
72    </application>
73
74</manifest>